Success (19):
content 43310 _a-0000df9d-6819-8000-aae2-01ef9001ef90_45160 "Sample Folder"
content 43311 _a-0000df9d-6819-8000-aae2-01ef9001ef90_45161 "SAMPLE_TEST_1"
content 45415 _a-0000df9d-6819-8000-aae2-01ef9001ef90_47379 "TODAY_1"
content 45416 _a-0000df9d-6819-8000-aae2-01ef9001ef90_47380 "TODAY_2"
content 45419 _a-0000df9d-6819-8000-aae2-01ef9001ef90_47383 "Tommorrow_1"
content 45420 _a-0000df9d-6819-8000-aae2-01ef9001ef90_47384 "Tommorrow_2"
content 45984 _a-0000df9d-6819-8000-aae2-01ef9001ef90_47956 "CONSTANT_1"
content 45983 _a-0000df9d-6819-8000-aae2-01ef9001ef90_47959 "CONSTANT_2"
content 46035 _a-0000df9d-6819-8000-aae2-01ef9001ef90_48011 "CONSTANT_3"
content 46118 _a-0000df9d-6819-8000-aae2-01ef9001ef90_48094 "CONSTANT_4"
content 46126 _a-0000df9d-6819-8000-aae2-01ef9001ef90_48102 "CONSTANT_5"
content 46149 _a-0000df9d-6819-8000-aae2-01ef9001ef90_48125 "IACD_1111"
content 46313 _a-0000df9d-6819-8000-aae2-01ef9001ef90_48289 "IACD_2222"
content 46316 _a-0000df9d-6819-8000-aae2-01ef9001ef90_48292 "IACD_3333"
content 46362 _a-0000df9d-6819-8000-aae2-01ef9001ef90_48338 "IACD_4444"
processModelFolder 77 _g-0000df9d-6819-8000-aae2-014d98014d98_109 "test-leave"
processModelFolder 78 _g-0000df9d-6819-8000-aae2-014d98014d98_110 "testfolder"
processModel 3210 0002dfbf-a081-8000-aae2-014d98014d98 "testPM"
application 43309 _a-0000df9d-6819-8000-aae2-01ef9001ef90_45159 "Leave Management System"

Referenced precedents that were not exported (1):
user krishnau krishnau

Trace:
2017-11-29 12:48:09.093 DEBUG application 43309 _a-0000df9d-6819-8000-aae2-01ef9001ef90_45159 Begin transport.
2017-11-29 12:48:09.093 DEBUG application 43309 _a-0000df9d-6819-8000-aae2-01ef9001ef90_45159 Retrieving object data.
2017-11-29 12:48:09.096 DEBUG application 43309 _a-0000df9d-6819-8000-aae2-01ef9001ef90_45159 App associated objects: [content=[_a-0000df9d-6819-8000-aae2-01ef9001ef90_45160, _a-0000df9d-6819-8000-aae2-01ef9001ef90_45161, _a-0000df9d-6819-8000-aae2-01ef9001ef90_45162, _a-0000df9d-6819-8000-aae2-01ef9001ef90_45163, _a-0000df9d-6819-8000-aae2-01ef9001ef90_45164, _a-0000df9d-6819-8000-aae2-01ef9001ef90_45165, _a-0000df9d-6819-8000-aae2-01ef9001ef90_45166, _a-0000df9d-6819-8000-aae2-01ef9001ef90_45167, _a-0000df9d-6819-8000-aae2-01ef9001ef90_45168, _a-0000df9d-6819-8000-aae2-01ef9001ef90_45169, _a-0000df9d-6819-8000-aae2-01ef9001ef90_45170, _a-0000df9d-6819-8000-aae2-01ef9001ef90_46813, _a-0000df9d-6819-8000-aae2-01ef9001ef90_46909, _a-0000df9d-6819-8000-aae2-01ef9001ef90_47379, _a-0000df9d-6819-8000-aae2-01ef9001ef90_47380, _a-0000df9d-6819-8000-aae2-01ef9001ef90_47383, _a-0000df9d-6819-8000-aae2-01ef9001ef90_47384, _a-0000df9d-6819-8000-aae2-01ef9001ef90_47956, _a-0000df9d-6819-8000-aae2-01ef9001ef90_47959, _a-0000df9d-6819-8000-aae2-01ef9001ef90_48011, _a-0000df9d-6819-8000-aae2-01ef9001ef90_48094, _a-0000df9d-6819-8000-aae2-01ef9001ef90_48102, _a-0000df9d-6819-8000-aae2-01ef9001ef90_48125, _a-0000df9d-6819-8000-aae2-01ef9001ef90_48289, _a-0000df9d-6819-8000-aae2-01ef9001ef90_48292, _a-0000df9d-6819-8000-aae2-01ef9001ef90_48338],processModelFolder=[_g-0000df9d-6819-8000-aae2-014d98014d98_109, _g-0000df9d-6819-8000-aae2-014d98014d98_110],processModel=[0002dfbf-a081-8000-aae2-014d98014d98]]
2017-11-29 12:48:09.099 DEBUG application 43309 _a-0000df9d-6819-8000-aae2-01ef9001ef90_45159 Invalid associated objects: [content=[_a-0000df9d-6819-8000-aae2-01ef9001ef90_45162, _a-0000df9d-6819-8000-aae2-01ef9001ef90_45163, _a-0000df9d-6819-8000-aae2-01ef9001ef90_45164, _a-0000df9d-6819-8000-aae2-01ef9001ef90_45165, _a-0000df9d-6819-8000-aae2-01ef9001ef90_45166, _a-0000df9d-6819-8000-aae2-01ef9001ef90_45167, _a-0000df9d-6819-8000-aae2-01ef9001ef90_45168, _a-0000df9d-6819-8000-aae2-01ef9001ef90_45169, _a-0000df9d-6819-8000-aae2-01ef9001ef90_45170, _a-0000df9d-6819-8000-aae2-01ef9001ef90_46813, _a-0000df9d-6819-8000-aae2-01ef9001ef90_46909]]
2017-11-29 12:48:09.099 DEBUG application 43309 _a-0000df9d-6819-8000-aae2-01ef9001ef90_45159 Adding valid associated objects to be exported: GlobalBindingMap[content={_a-0000df9d-6819-8000-aae2-01ef9001ef90_45160=43310, _a-0000df9d-6819-8000-aae2-01ef9001ef90_45161=43311, _a-0000df9d-6819-8000-aae2-01ef9001ef90_47379=45415, _a-0000df9d-6819-8000-aae2-01ef9001ef90_47380=45416, _a-0000df9d-6819-8000-aae2-01ef9001ef90_47383=45419, _a-0000df9d-6819-8000-aae2-01ef9001ef90_47384=45420, _a-0000df9d-6819-8000-aae2-01ef9001ef90_47956=45984, _a-0000df9d-6819-8000-aae2-01ef9001ef90_47959=45983, _a-0000df9d-6819-8000-aae2-01ef9001ef90_48011=46035, _a-0000df9d-6819-8000-aae2-01ef9001ef90_48094=46118, _a-0000df9d-6819-8000-aae2-01ef9001ef90_48102=46126, _a-0000df9d-6819-8000-aae2-01ef9001ef90_48125=46149, _a-0000df9d-6819-8000-aae2-01ef9001ef90_48289=46313, _a-0000df9d-6819-8000-aae2-01ef9001ef90_48292=46316, _a-0000df9d-6819-8000-aae2-01ef9001ef90_48338=46362},processModelFolder={_g-0000df9d-6819-8000-aae2-014d98014d98_109=77, _g-0000df9d-6819-8000-aae2-014d98014d98_110=78},processModel={0002dfbf-a081-8000-aae2-014d98014d98=3210}]
2017-11-29 12:48:09.099 DEBUG application 43309 _a-0000df9d-6819-8000-aae2-01ef9001ef90_45159 Setting uuids of object references.
2017-11-29 12:48:09.099 DEBUG application 43309 _a-0000df9d-6819-8000-aae2-01ef9001ef90_45159 Processing reference: Application.forum
2017-11-29 12:48:09.1 DEBUG application 43309 _a-0000df9d-6819-8000-aae2-01ef9001ef90_45159 Processing reference: Application.parent
2017-11-29 12:48:09.101 DEBUG application 43309 _a-0000df9d-6819-8000-aae2-01ef9001ef90_45159 Processing reference: com.appiancorp.suiteapi.content.ContentRoleMap@40af969c[
  ContentRole[name=readers,inherit=false,allowForAll=false]
  ContentRole[name=authors,inherit=false,allowForAll=false]
  ContentRole[name=administrators,usernames=[krishnau],inherit=false,allowForAll=false]
  ContentRole[name=denyReaders,inherit=false,allowForAll=false]
  ContentRole[name=denyAuthors,inherit=false,allowForAll=false]
  ContentRole[name=denyAdministrators,inherit=false,allowForAll=false]
  securityVector=129:SEC_PUBLIC=true,SEC_CREATOR_ADMIN=true,SEC_INH_ADMIN=false,SEC_INH_EDITOR=false,SEC_INH_VIEWER=false,SEC_ALL_ADMIN=false,SEC_ALL_EDITOR=false,SEC_ALL_VIEWER=false
]
2017-11-29 12:48:09.101 DEBUG application 43309 _a-0000df9d-6819-8000-aae2-01ef9001ef90_45159 Processing reference: ContentRole[name=readers,inherit=false,allowForAll=false]
2017-11-29 12:48:09.101 DEBUG application 43309 _a-0000df9d-6819-8000-aae2-01ef9001ef90_45159 Processing reference: ContentRole[name=authors,inherit=false,allowForAll=false]
2017-11-29 12:48:09.101 DEBUG application 43309 _a-0000df9d-6819-8000-aae2-01ef9001ef90_45159 Processing reference: ContentRole[name=administrators,usernames=[krishnau],inherit=false,allowForAll=false]
2017-11-29 12:48:09.102 DEBUG application 43309 _a-0000df9d-6819-8000-aae2-01ef9001ef90_45159 Processing reference: ContentRole[name=denyReaders,inherit=false,allowForAll=false]
2017-11-29 12:48:09.102 DEBUG application 43309 _a-0000df9d-6819-8000-aae2-01ef9001ef90_45159 Processing reference: ContentRole[name=denyAuthors,inherit=false,allowForAll=false]
2017-11-29 12:48:09.102 DEBUG application 43309 _a-0000df9d-6819-8000-aae2-01ef9001ef90_45159 Processing reference: ContentRole[name=denyAdministrators,inherit=false,allowForAll=false]
2017-11-29 12:48:09.103 DEBUG content 43310 _a-0000df9d-6819-8000-aae2-01ef9001ef90_45160 Begin transport.
2017-11-29 12:48:09.103 DEBUG content 43310 _a-0000df9d-6819-8000-aae2-01ef9001ef90_45160 Retrieving object data.
2017-11-29 12:48:09.108 DEBUG content 43310 _a-0000df9d-6819-8000-aae2-01ef9001ef90_45160 Setting uuids of object references.
2017-11-29 12:48:09.108 DEBUG content 43310 _a-0000df9d-6819-8000-aae2-01ef9001ef90_45160 Processing reference: RulesFolder.forum
2017-11-29 12:48:09.109 DEBUG content 43310 _a-0000df9d-6819-8000-aae2-01ef9001ef90_45160 Processing reference: RulesFolder.parent
2017-11-29 12:48:09.11 DEBUG content 43310 _a-0000df9d-6819-8000-aae2-01ef9001ef90_45160 Processing reference: com.appiancorp.suiteapi.content.ContentRoleMap@29e47179[
  ContentRole[name=readers,inherit=true,allowForAll=false]
  ContentRole[name=authors,inherit=true,allowForAll=false]
  ContentRole[name=administrators,inherit=true,allowForAll=false]
  ContentRole[name=denyReaders,inherit=false,allowForAll=false]
  ContentRole[name=denyAuthors,inherit=false,allowForAll=false]
  ContentRole[name=denyAdministrators,inherit=false,allowForAll=false]
  securityVector=15:SEC_PUBLIC=true,SEC_CREATOR_ADMIN=false,SEC_INH_ADMIN=true,SEC_INH_EDITOR=true,SEC_INH_VIEWER=true,SEC_ALL_ADMIN=false,SEC_ALL_EDITOR=false,SEC_ALL_VIEWER=false
]
2017-11-29 12:48:09.11 DEBUG content 43310 _a-0000df9d-6819-8000-aae2-01ef9001ef90_45160 Processing reference: ContentRole[name=readers,inherit=true,allowForAll=false]
2017-11-29 12:48:09.11 DEBUG content 43310 _a-0000df9d-6819-8000-aae2-01ef9001ef90_45160 Processing reference: ContentRole[name=authors,inherit=true,allowForAll=false]
2017-11-29 12:48:09.11 DEBUG content 43310 _a-0000df9d-6819-8000-aae2-01ef9001ef90_45160 Processing reference: ContentRole[name=administrators,inherit=true,allowForAll=false]
2017-11-29 12:48:09.11 DEBUG content 43310 _a-0000df9d-6819-8000-aae2-01ef9001ef90_45160 Processing reference: ContentRole[name=denyReaders,inherit=false,allowForAll=false]
2017-11-29 12:48:09.11 DEBUG content 43310 _a-0000df9d-6819-8000-aae2-01ef9001ef90_45160 Processing reference: ContentRole[name=denyAuthors,inherit=false,allowForAll=false]
2017-11-29 12:48:09.11 DEBUG content 43310 _a-0000df9d-6819-8000-aae2-01ef9001ef90_45160 Processing reference: ContentRole[name=denyAdministrators,inherit=false,allowForAll=false]
2017-11-29 12:48:09.11 DEBUG content 43310 _a-0000df9d-6819-8000-aae2-01ef9001ef90_45160 Completing produce.
2017-11-29 12:48:09.11 DEBUG content 43310 _a-0000df9d-6819-8000-aae2-01ef9001ef90_45160 Exporting binary resources.
2017-11-29 12:48:09.11 DEBUG content 43310 _a-0000df9d-6819-8000-aae2-01ef9001ef90_45160 Serializing object to XML.
2017-11-29 12:48:09.11 DEBUG content 43310 _a-0000df9d-6819-8000-aae2-01ef9001ef90_45160 Object transported.
2017-11-29 12:48:09.11 DEBUG content 43311 _a-0000df9d-6819-8000-aae2-01ef9001ef90_45161 Begin transport.
2017-11-29 12:48:09.11 DEBUG content 43311 _a-0000df9d-6819-8000-aae2-01ef9001ef90_45161 Retrieving object data.
2017-11-29 12:48:09.115 DEBUG content 43311 _a-0000df9d-6819-8000-aae2-01ef9001ef90_45161 Setting uuids of object references.
2017-11-29 12:48:09.115 DEBUG content 43311 _a-0000df9d-6819-8000-aae2-01ef9001ef90_45161 Processing reference: [Content:id=43311,versionId=-1,name=SAMPLE_TEST_1,description=SAMPLE_TEST_1,type=32,subtype=0,uuid=_a-0000df9d-6819-8000-aae2-01ef9001ef90_45161,parent=43310,parentName=Sample Folder,parentType=2,log=43311,logName=SAMPLE_TEST_1,state=255,visibility=35,security=15,creator=krishnau,createdTimestamp=2017-11-06 06:15:36.0,updatedTimestamp=2017-11-06 06:15:36.0,size=0,lockedBy=,changesRequireApproval=false,attributes={system=0, hidden=0, ruletype=0, multiple=0, isEnvironmentSpecific=false, value=null, returnType=1},partition=2,partitionName=/usr/local/appian/_admin/accdocs2]
2017-11-29 12:48:09.115 DEBUG content 43311 _a-0000df9d-6819-8000-aae2-01ef9001ef90_45161 Processing reference: Constant.forum
2017-11-29 12:48:09.115 DEBUG content 43311 _a-0000df9d-6819-8000-aae2-01ef9001ef90_45161 Processing reference: Constant.parent
2017-11-29 12:48:09.117 DEBUG content 43311 _a-0000df9d-6819-8000-aae2-01ef9001ef90_45161 Processing reference: com.appiancorp.suiteapi.content.ContentRoleMap@5d8da576[
  ContentRole[name=readers,inherit=true,allowForAll=false]
  ContentRole[name=authors,inherit=true,allowForAll=false]
  ContentRole[name=administrators,inherit=true,allowForAll=false]
  ContentRole[name=denyReaders,inherit=false,allowForAll=false]
  ContentRole[name=denyAuthors,inherit=false,allowForAll=false]
  ContentRole[name=denyAdministrators,inherit=false,allowForAll=false]
  securityVector=15:SEC_PUBLIC=true,SEC_CREATOR_ADMIN=false,SEC_INH_ADMIN=true,SEC_INH_EDITOR=true,SEC_INH_VIEWER=true,SEC_ALL_ADMIN=false,SEC_ALL_EDITOR=false,SEC_ALL_VIEWER=false
]
2017-11-29 12:48:09.117 DEBUG content 43311 _a-0000df9d-6819-8000-aae2-01ef9001ef90_45161 Processing reference: ContentRole[name=readers,inherit=true,allowForAll=false]
2017-11-29 12:48:09.117 DEBUG content 43311 _a-0000df9d-6819-8000-aae2-01ef9001ef90_45161 Processing reference: ContentRole[name=authors,inherit=true,allowForAll=false]
2017-11-29 12:48:09.117 DEBUG content 43311 _a-0000df9d-6819-8000-aae2-01ef9001ef90_45161 Processing reference: ContentRole[name=administrators,inherit=true,allowForAll=false]
2017-11-29 12:48:09.117 DEBUG content 43311 _a-0000df9d-6819-8000-aae2-01ef9001ef90_45161 Processing reference: ContentRole[name=denyReaders,inherit=false,allowForAll=false]
2017-11-29 12:48:09.117 DEBUG content 43311 _a-0000df9d-6819-8000-aae2-01ef9001ef90_45161 Processing reference: ContentRole[name=denyAuthors,inherit=false,allowForAll=false]
2017-11-29 12:48:09.117 DEBUG content 43311 _a-0000df9d-6819-8000-aae2-01ef9001ef90_45161 Processing reference: ContentRole[name=denyAdministrators,inherit=false,allowForAll=false]
2017-11-29 12:48:09.117 DEBUG content 43311 _a-0000df9d-6819-8000-aae2-01ef9001ef90_45161 Completing produce.
2017-11-29 12:48:09.117 DEBUG content 43311 _a-0000df9d-6819-8000-aae2-01ef9001ef90_45161 Exporting binary resources.
2017-11-29 12:48:09.117 DEBUG content 43311 _a-0000df9d-6819-8000-aae2-01ef9001ef90_45161 Serializing object to XML.
2017-11-29 12:48:09.119 DEBUG content 43311 _a-0000df9d-6819-8000-aae2-01ef9001ef90_45161 Object transported.
2017-11-29 12:48:09.119 DEBUG content 45415 _a-0000df9d-6819-8000-aae2-01ef9001ef90_47379 Begin transport.
2017-11-29 12:48:09.119 DEBUG content 45415 _a-0000df9d-6819-8000-aae2-01ef9001ef90_47379 Retrieving object data.
2017-11-29 12:48:09.123 DEBUG content 45415 _a-0000df9d-6819-8000-aae2-01ef9001ef90_47379 Setting uuids of object references.
2017-11-29 12:48:09.124 DEBUG content 45415 _a-0000df9d-6819-8000-aae2-01ef9001ef90_47379 Processing reference: [Content:id=45415,versionId=-1,name=TODAY_1,description=,type=32,subtype=0,uuid=_a-0000df9d-6819-8000-aae2-01ef9001ef90_47379,parent=43310,parentName=Sample Folder,parentType=2,log=45415,logName=TODAY_1,state=255,visibility=35,security=15,creator=krishnau,createdTimestamp=2017-11-17 09:23:49.0,updatedTimestamp=2017-11-17 09:23:49.0,size=0,lockedBy=,changesRequireApproval=false,attributes={system=0, hidden=0, ruletype=0, multiple=0, isEnvironmentSpecific=false, value=null, returnType=1},partition=1,partitionName=/usr/local/appian/_admin/accdocs1]
2017-11-29 12:48:09.124 DEBUG content 45415 _a-0000df9d-6819-8000-aae2-01ef9001ef90_47379 Processing reference: Constant.forum
2017-11-29 12:48:09.124 DEBUG content 45415 _a-0000df9d-6819-8000-aae2-01ef9001ef90_47379 Processing reference: Constant.parent
2017-11-29 12:48:09.125 DEBUG content 45415 _a-0000df9d-6819-8000-aae2-01ef9001ef90_47379 Processing reference: com.appiancorp.suiteapi.content.ContentRoleMap@70403839[
  ContentRole[name=readers,inherit=true,allowForAll=false]
  ContentRole[name=authors,inherit=true,allowForAll=false]
  ContentRole[name=administrators,inherit=true,allowForAll=false]
  ContentRole[name=denyReaders,inherit=false,allowForAll=false]
  ContentRole[name=denyAuthors,inherit=false,allowForAll=false]
  ContentRole[name=denyAdministrators,inherit=false,allowForAll=false]
  securityVector=15:SEC_PUBLIC=true,SEC_CREATOR_ADMIN=false,SEC_INH_ADMIN=true,SEC_INH_EDITOR=true,SEC_INH_VIEWER=true,SEC_ALL_ADMIN=false,SEC_ALL_EDITOR=false,SEC_ALL_VIEWER=false
]
2017-11-29 12:48:09.125 DEBUG content 45415 _a-0000df9d-6819-8000-aae2-01ef9001ef90_47379 Processing reference: ContentRole[name=readers,inherit=true,allowForAll=false]
2017-11-29 12:48:09.125 DEBUG content 45415 _a-0000df9d-6819-8000-aae2-01ef9001ef90_47379 Processing reference: ContentRole[name=authors,inherit=true,allowForAll=false]
2017-11-29 12:48:09.125 DEBUG content 45415 _a-0000df9d-6819-8000-aae2-01ef9001ef90_47379 Processing reference: ContentRole[name=administrators,inherit=true,allowForAll=false]
2017-11-29 12:48:09.125 DEBUG content 45415 _a-0000df9d-6819-8000-aae2-01ef9001ef90_47379 Processing reference: ContentRole[name=denyReaders,inherit=false,allowForAll=false]
2017-11-29 12:48:09.125 DEBUG content 45415 _a-0000df9d-6819-8000-aae2-01ef9001ef90_47379 Processing reference: ContentRole[name=denyAuthors,inherit=false,allowForAll=false]
2017-11-29 12:48:09.125 DEBUG content 45415 _a-0000df9d-6819-8000-aae2-01ef9001ef90_47379 Processing reference: ContentRole[name=denyAdministrators,inherit=false,allowForAll=false]
2017-11-29 12:48:09.125 DEBUG content 45415 _a-0000df9d-6819-8000-aae2-01ef9001ef90_47379 Completing produce.
2017-11-29 12:48:09.125 DEBUG content 45415 _a-0000df9d-6819-8000-aae2-01ef9001ef90_47379 Exporting binary resources.
2017-11-29 12:48:09.125 DEBUG content 45415 _a-0000df9d-6819-8000-aae2-01ef9001ef90_47379 Serializing object to XML.
2017-11-29 12:48:09.127 DEBUG content 45415 _a-0000df9d-6819-8000-aae2-01ef9001ef90_47379 Object transported.
2017-11-29 12:48:09.127 DEBUG content 45416 _a-0000df9d-6819-8000-aae2-01ef9001ef90_47380 Begin transport.
2017-11-29 12:48:09.127 DEBUG content 45416 _a-0000df9d-6819-8000-aae2-01ef9001ef90_47380 Retrieving object data.
2017-11-29 12:48:09.131 DEBUG content 45416 _a-0000df9d-6819-8000-aae2-01ef9001ef90_47380 Setting uuids of object references.
2017-11-29 12:48:09.131 DEBUG content 45416 _a-0000df9d-6819-8000-aae2-01ef9001ef90_47380 Processing reference: [Content:id=45416,versionId=-1,name=TODAY_2,description=,type=32,subtype=0,uuid=_a-0000df9d-6819-8000-aae2-01ef9001ef90_47380,parent=43310,parentName=Sample Folder,parentType=2,log=45416,logName=TODAY_2,state=255,visibility=35,security=15,creator=krishnau,createdTimestamp=2017-11-17 09:24:02.0,updatedTimestamp=2017-11-17 09:24:02.0,size=0,lockedBy=,changesRequireApproval=false,attributes={system=0, hidden=0, ruletype=0, multiple=0, isEnvironmentSpecific=false, value=null, returnType=1},partition=2,partitionName=/usr/local/appian/_admin/accdocs2]
2017-11-29 12:48:09.131 DEBUG content 45416 _a-0000df9d-6819-8000-aae2-01ef9001ef90_47380 Processing reference: Constant.forum
2017-11-29 12:48:09.132 DEBUG content 45416 _a-0000df9d-6819-8000-aae2-01ef9001ef90_47380 Processing reference: Constant.parent
2017-11-29 12:48:09.133 DEBUG content 45416 _a-0000df9d-6819-8000-aae2-01ef9001ef90_47380 Processing reference: com.appiancorp.suiteapi.content.ContentRoleMap@185a1d55[
  ContentRole[name=readers,inherit=true,allowForAll=false]
  ContentRole[name=authors,inherit=true,allowForAll=false]
  ContentRole[name=administrators,inherit=true,allowForAll=false]
  ContentRole[name=denyReaders,inherit=false,allowForAll=false]
  ContentRole[name=denyAuthors,inherit=false,allowForAll=false]
  ContentRole[name=denyAdministrators,inherit=false,allowForAll=false]
  securityVector=15:SEC_PUBLIC=true,SEC_CREATOR_ADMIN=false,SEC_INH_ADMIN=true,SEC_INH_EDITOR=true,SEC_INH_VIEWER=true,SEC_ALL_ADMIN=false,SEC_ALL_EDITOR=false,SEC_ALL_VIEWER=false
]
2017-11-29 12:48:09.133 DEBUG content 45416 _a-0000df9d-6819-8000-aae2-01ef9001ef90_47380 Processing reference: ContentRole[name=readers,inherit=true,allowForAll=false]
2017-11-29 12:48:09.133 DEBUG content 45416 _a-0000df9d-6819-8000-aae2-01ef9001ef90_47380 Processing reference: ContentRole[name=authors,inherit=true,allowForAll=false]
2017-11-29 12:48:09.133 DEBUG content 45416 _a-0000df9d-6819-8000-aae2-01ef9001ef90_47380 Processing reference: ContentRole[name=administrators,inherit=true,allowForAll=false]
2017-11-29 12:48:09.133 DEBUG content 45416 _a-0000df9d-6819-8000-aae2-01ef9001ef90_47380 Processing reference: ContentRole[name=denyReaders,inherit=false,allowForAll=false]
2017-11-29 12:48:09.133 DEBUG content 45416 _a-0000df9d-6819-8000-aae2-01ef9001ef90_47380 Processing reference: ContentRole[name=denyAuthors,inherit=false,allowForAll=false]
2017-11-29 12:48:09.133 DEBUG content 45416 _a-0000df9d-6819-8000-aae2-01ef9001ef90_47380 Processing reference: ContentRole[name=denyAdministrators,inherit=false,allowForAll=false]
2017-11-29 12:48:09.133 DEBUG content 45416 _a-0000df9d-6819-8000-aae2-01ef9001ef90_47380 Completing produce.
2017-11-29 12:48:09.133 DEBUG content 45416 _a-0000df9d-6819-8000-aae2-01ef9001ef90_47380 Exporting binary resources.
2017-11-29 12:48:09.133 DEBUG content 45416 _a-0000df9d-6819-8000-aae2-01ef9001ef90_47380 Serializing object to XML.
2017-11-29 12:48:09.135 DEBUG content 45416 _a-0000df9d-6819-8000-aae2-01ef9001ef90_47380 Object transported.
2017-11-29 12:48:09.135 DEBUG content 45419 _a-0000df9d-6819-8000-aae2-01ef9001ef90_47383 Begin transport.
2017-11-29 12:48:09.135 DEBUG content 45419 _a-0000df9d-6819-8000-aae2-01ef9001ef90_47383 Retrieving object data.
2017-11-29 12:48:09.139 DEBUG content 45419 _a-0000df9d-6819-8000-aae2-01ef9001ef90_47383 Setting uuids of object references.
2017-11-29 12:48:09.139 DEBUG content 45419 _a-0000df9d-6819-8000-aae2-01ef9001ef90_47383 Processing reference: [Content:id=45419,versionId=-1,name=Tommorrow_1,description=,type=32,subtype=0,uuid=_a-0000df9d-6819-8000-aae2-01ef9001ef90_47383,parent=43310,parentName=Sample Folder,parentType=2,log=45419,logName=Tommorrow_1,state=255,visibility=35,security=15,creator=krishnau,createdTimestamp=2017-11-17 09:26:42.0,updatedTimestamp=2017-11-17 09:26:42.0,size=0,lockedBy=,changesRequireApproval=false,attributes={system=0, hidden=0, ruletype=0, multiple=0, isEnvironmentSpecific=false, value=null, returnType=1},partition=2,partitionName=/usr/local/appian/_admin/accdocs2]
2017-11-29 12:48:09.139 DEBUG content 45419 _a-0000df9d-6819-8000-aae2-01ef9001ef90_47383 Processing reference: Constant.forum
2017-11-29 12:48:09.139 DEBUG content 45419 _a-0000df9d-6819-8000-aae2-01ef9001ef90_47383 Processing reference: Constant.parent
2017-11-29 12:48:09.141 DEBUG content 45419 _a-0000df9d-6819-8000-aae2-01ef9001ef90_47383 Processing reference: com.appiancorp.suiteapi.content.ContentRoleMap@7a438390[
  ContentRole[name=readers,inherit=true,allowForAll=false]
  ContentRole[name=authors,inherit=true,allowForAll=false]
  ContentRole[name=administrators,inherit=true,allowForAll=false]
  ContentRole[name=denyReaders,inherit=false,allowForAll=false]
  ContentRole[name=denyAuthors,inherit=false,allowForAll=false]
  ContentRole[name=denyAdministrators,inherit=false,allowForAll=false]
  securityVector=15:SEC_PUBLIC=true,SEC_CREATOR_ADMIN=false,SEC_INH_ADMIN=true,SEC_INH_EDITOR=true,SEC_INH_VIEWER=true,SEC_ALL_ADMIN=false,SEC_ALL_EDITOR=false,SEC_ALL_VIEWER=false
]
2017-11-29 12:48:09.141 DEBUG content 45419 _a-0000df9d-6819-8000-aae2-01ef9001ef90_47383 Processing reference: ContentRole[name=readers,inherit=true,allowForAll=false]
2017-11-29 12:48:09.141 DEBUG content 45419 _a-0000df9d-6819-8000-aae2-01ef9001ef90_47383 Processing reference: ContentRole[name=authors,inherit=true,allowForAll=false]
2017-11-29 12:48:09.141 DEBUG content 45419 _a-0000df9d-6819-8000-aae2-01ef9001ef90_47383 Processing reference: ContentRole[name=administrators,inherit=true,allowForAll=false]
2017-11-29 12:48:09.141 DEBUG content 45419 _a-0000df9d-6819-8000-aae2-01ef9001ef90_47383 Processing reference: ContentRole[name=denyReaders,inherit=false,allowForAll=false]
2017-11-29 12:48:09.141 DEBUG content 45419 _a-0000df9d-6819-8000-aae2-01ef9001ef90_47383 Processing reference: ContentRole[name=denyAuthors,inherit=false,allowForAll=false]
2017-11-29 12:48:09.141 DEBUG content 45419 _a-0000df9d-6819-8000-aae2-01ef9001ef90_47383 Processing reference: ContentRole[name=denyAdministrators,inherit=false,allowForAll=false]
2017-11-29 12:48:09.141 DEBUG content 45419 _a-0000df9d-6819-8000-aae2-01ef9001ef90_47383 Completing produce.
2017-11-29 12:48:09.141 DEBUG content 45419 _a-0000df9d-6819-8000-aae2-01ef9001ef90_47383 Exporting binary resources.
2017-11-29 12:48:09.141 DEBUG content 45419 _a-0000df9d-6819-8000-aae2-01ef9001ef90_47383 Serializing object to XML.
2017-11-29 12:48:09.142 DEBUG content 45419 _a-0000df9d-6819-8000-aae2-01ef9001ef90_47383 Object transported.
2017-11-29 12:48:09.142 DEBUG content 45420 _a-0000df9d-6819-8000-aae2-01ef9001ef90_47384 Begin transport.
2017-11-29 12:48:09.142 DEBUG content 45420 _a-0000df9d-6819-8000-aae2-01ef9001ef90_47384 Retrieving object data.
2017-11-29 12:48:09.146 DEBUG content 45420 _a-0000df9d-6819-8000-aae2-01ef9001ef90_47384 Setting uuids of object references.
2017-11-29 12:48:09.146 DEBUG content 45420 _a-0000df9d-6819-8000-aae2-01ef9001ef90_47384 Processing reference: [Content:id=45420,versionId=-1,name=Tommorrow_2,description=,type=32,subtype=0,uuid=_a-0000df9d-6819-8000-aae2-01ef9001ef90_47384,parent=43310,parentName=Sample Folder,parentType=2,log=45420,logName=Tommorrow_2,state=255,visibility=35,security=15,creator=krishnau,createdTimestamp=2017-11-17 09:26:51.0,updatedTimestamp=2017-11-17 09:26:51.0,size=0,lockedBy=,changesRequireApproval=false,attributes={system=0, hidden=0, ruletype=0, multiple=0, isEnvironmentSpecific=false, value=null, returnType=1},partition=3,partitionName=/usr/local/appian/_admin/accdocs3]
2017-11-29 12:48:09.146 DEBUG content 45420 _a-0000df9d-6819-8000-aae2-01ef9001ef90_47384 Processing reference: Constant.forum
2017-11-29 12:48:09.147 DEBUG content 45420 _a-0000df9d-6819-8000-aae2-01ef9001ef90_47384 Processing reference: Constant.parent
2017-11-29 12:48:09.148 DEBUG content 45420 _a-0000df9d-6819-8000-aae2-01ef9001ef90_47384 Processing reference: com.appiancorp.suiteapi.content.ContentRoleMap@790edd5a[
  ContentRole[name=readers,inherit=true,allowForAll=false]
  ContentRole[name=authors,inherit=true,allowForAll=false]
  ContentRole[name=administrators,inherit=true,allowForAll=false]
  ContentRole[name=denyReaders,inherit=false,allowForAll=false]
  ContentRole[name=denyAuthors,inherit=false,allowForAll=false]
  ContentRole[name=denyAdministrators,inherit=false,allowForAll=false]
  securityVector=15:SEC_PUBLIC=true,SEC_CREATOR_ADMIN=false,SEC_INH_ADMIN=true,SEC_INH_EDITOR=true,SEC_INH_VIEWER=true,SEC_ALL_ADMIN=false,SEC_ALL_EDITOR=false,SEC_ALL_VIEWER=false
]
2017-11-29 12:48:09.148 DEBUG content 45420 _a-0000df9d-6819-8000-aae2-01ef9001ef90_47384 Processing reference: ContentRole[name=readers,inherit=true,allowForAll=false]
2017-11-29 12:48:09.148 DEBUG content 45420 _a-0000df9d-6819-8000-aae2-01ef9001ef90_47384 Processing reference: ContentRole[name=authors,inherit=true,allowForAll=false]
2017-11-29 12:48:09.148 DEBUG content 45420 _a-0000df9d-6819-8000-aae2-01ef9001ef90_47384 Processing reference: ContentRole[name=administrators,inherit=true,allowForAll=false]
2017-11-29 12:48:09.148 DEBUG content 45420 _a-0000df9d-6819-8000-aae2-01ef9001ef90_47384 Processing reference: ContentRole[name=denyReaders,inherit=false,allowForAll=false]
2017-11-29 12:48:09.148 DEBUG content 45420 _a-0000df9d-6819-8000-aae2-01ef9001ef90_47384 Processing reference: ContentRole[name=denyAuthors,inherit=false,allowForAll=false]
2017-11-29 12:48:09.148 DEBUG content 45420 _a-0000df9d-6819-8000-aae2-01ef9001ef90_47384 Processing reference: ContentRole[name=denyAdministrators,inherit=false,allowForAll=false]
2017-11-29 12:48:09.148 DEBUG content 45420 _a-0000df9d-6819-8000-aae2-01ef9001ef90_47384 Completing produce.
2017-11-29 12:48:09.148 DEBUG content 45420 _a-0000df9d-6819-8000-aae2-01ef9001ef90_47384 Exporting binary resources.
2017-11-29 12:48:09.148 DEBUG content 45420 _a-0000df9d-6819-8000-aae2-01ef9001ef90_47384 Serializing object to XML.
2017-11-29 12:48:09.149 DEBUG content 45420 _a-0000df9d-6819-8000-aae2-01ef9001ef90_47384 Object transported.
2017-11-29 12:48:09.149 DEBUG content 45984 _a-0000df9d-6819-8000-aae2-01ef9001ef90_47956 Begin transport.
2017-11-29 12:48:09.149 DEBUG content 45984 _a-0000df9d-6819-8000-aae2-01ef9001ef90_47956 Retrieving object data.
2017-11-29 12:48:09.153 DEBUG content 45984 _a-0000df9d-6819-8000-aae2-01ef9001ef90_47956 Setting uuids of object references.
2017-11-29 12:48:09.153 DEBUG content 45984 _a-0000df9d-6819-8000-aae2-01ef9001ef90_47956 Processing reference: [Content:id=45980,versionId=-1,name=CONSTANT_1,description=CONSTANT_1,type=32,subtype=0,uuid=_a-0000df9d-6819-8000-aae2-01ef9001ef90_47956,parent=43310,parentName=Sample Folder,parentType=2,log=45984,logName=CONSTANT_1,state=255,visibility=35,security=15,creator=krishnau,createdTimestamp=2017-11-22 09:31:36.0,updatedTimestamp=2017-11-22 09:31:36.0,size=0,lockedBy=,changesRequireApproval=false,attributes={system=0, hidden=0, ruletype=0, multiple=0, isEnvironmentSpecific=false, value=1000, returnType=1},partition=1,partitionName=/usr/local/appian/_admin/accdocs1]
2017-11-29 12:48:09.154 DEBUG content 45984 _a-0000df9d-6819-8000-aae2-01ef9001ef90_47956 Processing reference: Constant.forum
2017-11-29 12:48:09.154 DEBUG content 45984 _a-0000df9d-6819-8000-aae2-01ef9001ef90_47956 Processing reference: Constant.parent
2017-11-29 12:48:09.155 DEBUG content 45984 _a-0000df9d-6819-8000-aae2-01ef9001ef90_47956 Processing reference: com.appiancorp.suiteapi.content.ContentRoleMap@7240820c[
  ContentRole[name=readers,inherit=true,allowForAll=false]
  ContentRole[name=authors,inherit=true,allowForAll=false]
  ContentRole[name=administrators,inherit=true,allowForAll=false]
  ContentRole[name=denyReaders,inherit=false,allowForAll=false]
  ContentRole[name=denyAuthors,inherit=false,allowForAll=false]
  ContentRole[name=denyAdministrators,inherit=false,allowForAll=false]
  securityVector=15:SEC_PUBLIC=true,SEC_CREATOR_ADMIN=false,SEC_INH_ADMIN=true,SEC_INH_EDITOR=true,SEC_INH_VIEWER=true,SEC_ALL_ADMIN=false,SEC_ALL_EDITOR=false,SEC_ALL_VIEWER=false
]
2017-11-29 12:48:09.155 DEBUG content 45984 _a-0000df9d-6819-8000-aae2-01ef9001ef90_47956 Processing reference: ContentRole[name=readers,inherit=true,allowForAll=false]
2017-11-29 12:48:09.155 DEBUG content 45984 _a-0000df9d-6819-8000-aae2-01ef9001ef90_47956 Processing reference: ContentRole[name=authors,inherit=true,allowForAll=false]
2017-11-29 12:48:09.155 DEBUG content 45984 _a-0000df9d-6819-8000-aae2-01ef9001ef90_47956 Processing reference: ContentRole[name=administrators,inherit=true,allowForAll=false]
2017-11-29 12:48:09.155 DEBUG content 45984 _a-0000df9d-6819-8000-aae2-01ef9001ef90_47956 Processing reference: ContentRole[name=denyReaders,inherit=false,allowForAll=false]
2017-11-29 12:48:09.155 DEBUG content 45984 _a-0000df9d-6819-8000-aae2-01ef9001ef90_47956 Processing reference: ContentRole[name=denyAuthors,inherit=false,allowForAll=false]
2017-11-29 12:48:09.155 DEBUG content 45984 _a-0000df9d-6819-8000-aae2-01ef9001ef90_47956 Processing reference: ContentRole[name=denyAdministrators,inherit=false,allowForAll=false]
2017-11-29 12:48:09.155 DEBUG content 45984 _a-0000df9d-6819-8000-aae2-01ef9001ef90_47956 Completing produce.
2017-11-29 12:48:09.155 DEBUG content 45984 _a-0000df9d-6819-8000-aae2-01ef9001ef90_47956 Exporting binary resources.
2017-11-29 12:48:09.155 DEBUG content 45984 _a-0000df9d-6819-8000-aae2-01ef9001ef90_47956 Serializing object to XML.
2017-11-29 12:48:09.157 DEBUG content 45984 _a-0000df9d-6819-8000-aae2-01ef9001ef90_47956 Object transported.
2017-11-29 12:48:09.157 DEBUG content 45983 _a-0000df9d-6819-8000-aae2-01ef9001ef90_47959 Begin transport.
2017-11-29 12:48:09.157 DEBUG content 45983 _a-0000df9d-6819-8000-aae2-01ef9001ef90_47959 Retrieving object data.
2017-11-29 12:48:09.161 DEBUG content 45983 _a-0000df9d-6819-8000-aae2-01ef9001ef90_47959 Setting uuids of object references.
2017-11-29 12:48:09.161 DEBUG content 45983 _a-0000df9d-6819-8000-aae2-01ef9001ef90_47959 Processing reference: [Content:id=45983,versionId=-1,name=CONSTANT_2,description=CONSTANT_2,type=32,subtype=0,uuid=_a-0000df9d-6819-8000-aae2-01ef9001ef90_47959,parent=43310,parentName=Sample Folder,parentType=2,log=45983,logName=CONSTANT_2,state=255,visibility=35,security=15,creator=krishnau,createdTimestamp=2017-11-22 09:31:29.0,updatedTimestamp=2017-11-22 09:31:29.0,size=0,lockedBy=,changesRequireApproval=false,attributes={system=0, hidden=0, ruletype=0, multiple=0, isEnvironmentSpecific=false, value=900, returnType=1},partition=3,partitionName=/usr/local/appian/_admin/accdocs3]
2017-11-29 12:48:09.161 DEBUG content 45983 _a-0000df9d-6819-8000-aae2-01ef9001ef90_47959 Processing reference: Constant.forum
2017-11-29 12:48:09.161 DEBUG content 45983 _a-0000df9d-6819-8000-aae2-01ef9001ef90_47959 Processing reference: Constant.parent
2017-11-29 12:48:09.163 DEBUG content 45983 _a-0000df9d-6819-8000-aae2-01ef9001ef90_47959 Processing reference: com.appiancorp.suiteapi.content.ContentRoleMap@3b46dcbe[
  ContentRole[name=readers,inherit=true,allowForAll=false]
  ContentRole[name=authors,inherit=true,allowForAll=false]
  ContentRole[name=administrators,inherit=true,allowForAll=false]
  ContentRole[name=denyReaders,inherit=false,allowForAll=false]
  ContentRole[name=denyAuthors,inherit=false,allowForAll=false]
  ContentRole[name=denyAdministrators,inherit=false,allowForAll=false]
  securityVector=15:SEC_PUBLIC=true,SEC_CREATOR_ADMIN=false,SEC_INH_ADMIN=true,SEC_INH_EDITOR=true,SEC_INH_VIEWER=true,SEC_ALL_ADMIN=false,SEC_ALL_EDITOR=false,SEC_ALL_VIEWER=false
]
2017-11-29 12:48:09.163 DEBUG content 45983 _a-0000df9d-6819-8000-aae2-01ef9001ef90_47959 Processing reference: ContentRole[name=readers,inherit=true,allowForAll=false]
2017-11-29 12:48:09.163 DEBUG content 45983 _a-0000df9d-6819-8000-aae2-01ef9001ef90_47959 Processing reference: ContentRole[name=authors,inherit=true,allowForAll=false]
2017-11-29 12:48:09.163 DEBUG content 45983 _a-0000df9d-6819-8000-aae2-01ef9001ef90_47959 Processing reference: ContentRole[name=administrators,inherit=true,allowForAll=false]
2017-11-29 12:48:09.163 DEBUG content 45983 _a-0000df9d-6819-8000-aae2-01ef9001ef90_47959 Processing reference: ContentRole[name=denyReaders,inherit=false,allowForAll=false]
2017-11-29 12:48:09.163 DEBUG content 45983 _a-0000df9d-6819-8000-aae2-01ef9001ef90_47959 Processing reference: ContentRole[name=denyAuthors,inherit=false,allowForAll=false]
2017-11-29 12:48:09.163 DEBUG content 45983 _a-0000df9d-6819-8000-aae2-01ef9001ef90_47959 Processing reference: ContentRole[name=denyAdministrators,inherit=false,allowForAll=false]
2017-11-29 12:48:09.163 DEBUG content 45983 _a-0000df9d-6819-8000-aae2-01ef9001ef90_47959 Completing produce.
2017-11-29 12:48:09.163 DEBUG content 45983 _a-0000df9d-6819-8000-aae2-01ef9001ef90_47959 Exporting binary resources.
2017-11-29 12:48:09.163 DEBUG content 45983 _a-0000df9d-6819-8000-aae2-01ef9001ef90_47959 Serializing object to XML.
2017-11-29 12:48:09.164 DEBUG content 45983 _a-0000df9d-6819-8000-aae2-01ef9001ef90_47959 Object transported.
2017-11-29 12:48:09.164 DEBUG content 46035 _a-0000df9d-6819-8000-aae2-01ef9001ef90_48011 Begin transport.
2017-11-29 12:48:09.164 DEBUG content 46035 _a-0000df9d-6819-8000-aae2-01ef9001ef90_48011 Retrieving object data.
2017-11-29 12:48:09.168 DEBUG content 46035 _a-0000df9d-6819-8000-aae2-01ef9001ef90_48011 Setting uuids of object references.
2017-11-29 12:48:09.168 DEBUG content 46035 _a-0000df9d-6819-8000-aae2-01ef9001ef90_48011 Processing reference: [Content:id=46035,versionId=-1,name=CONSTANT_3,description=CONSTANT_3,type=32,subtype=0,uuid=_a-0000df9d-6819-8000-aae2-01ef9001ef90_48011,parent=43310,parentName=Sample Folder,parentType=2,log=46035,logName=CONSTANT_3,state=255,visibility=35,security=15,creator=krishnau,createdTimestamp=2017-11-22 11:33:07.0,updatedTimestamp=2017-11-22 11:33:07.0,size=0,lockedBy=,changesRequireApproval=false,attributes={system=0, hidden=0, ruletype=0, multiple=0, isEnvironmentSpecific=false, value=555, returnType=1},partition=3,partitionName=/usr/local/appian/_admin/accdocs3]
2017-11-29 12:48:09.168 DEBUG content 46035 _a-0000df9d-6819-8000-aae2-01ef9001ef90_48011 Processing reference: Constant.forum
2017-11-29 12:48:09.169 DEBUG content 46035 _a-0000df9d-6819-8000-aae2-01ef9001ef90_48011 Processing reference: Constant.parent
2017-11-29 12:48:09.17 DEBUG content 46035 _a-0000df9d-6819-8000-aae2-01ef9001ef90_48011 Processing reference: com.appiancorp.suiteapi.content.ContentRoleMap@2b381305[
  ContentRole[name=readers,inherit=true,allowForAll=false]
  ContentRole[name=authors,inherit=true,allowForAll=false]
  ContentRole[name=administrators,inherit=true,allowForAll=false]
  ContentRole[name=denyReaders,inherit=false,allowForAll=false]
  ContentRole[name=denyAuthors,inherit=false,allowForAll=false]
  ContentRole[name=denyAdministrators,inherit=false,allowForAll=false]
  securityVector=15:SEC_PUBLIC=true,SEC_CREATOR_ADMIN=false,SEC_INH_ADMIN=true,SEC_INH_EDITOR=true,SEC_INH_VIEWER=true,SEC_ALL_ADMIN=false,SEC_ALL_EDITOR=false,SEC_ALL_VIEWER=false
]
2017-11-29 12:48:09.17 DEBUG content 46035 _a-0000df9d-6819-8000-aae2-01ef9001ef90_48011 Processing reference: ContentRole[name=readers,inherit=true,allowForAll=false]
2017-11-29 12:48:09.17 DEBUG content 46035 _a-0000df9d-6819-8000-aae2-01ef9001ef90_48011 Processing reference: ContentRole[name=authors,inherit=true,allowForAll=false]
2017-11-29 12:48:09.17 DEBUG content 46035 _a-0000df9d-6819-8000-aae2-01ef9001ef90_48011 Processing reference: ContentRole[name=administrators,inherit=true,allowForAll=false]
2017-11-29 12:48:09.17 DEBUG content 46035 _a-0000df9d-6819-8000-aae2-01ef9001ef90_48011 Processing reference: ContentRole[name=denyReaders,inherit=false,allowForAll=false]
2017-11-29 12:48:09.17 DEBUG content 46035 _a-0000df9d-6819-8000-aae2-01ef9001ef90_48011 Processing reference: ContentRole[name=denyAuthors,inherit=false,allowForAll=false]
2017-11-29 12:48:09.17 DEBUG content 46035 _a-0000df9d-6819-8000-aae2-01ef9001ef90_48011 Processing reference: ContentRole[name=denyAdministrators,inherit=false,allowForAll=false]
2017-11-29 12:48:09.17 DEBUG content 46035 _a-0000df9d-6819-8000-aae2-01ef9001ef90_48011 Completing produce.
2017-11-29 12:48:09.17 DEBUG content 46035 _a-0000df9d-6819-8000-aae2-01ef9001ef90_48011 Exporting binary resources.
2017-11-29 12:48:09.17 DEBUG content 46035 _a-0000df9d-6819-8000-aae2-01ef9001ef90_48011 Serializing object to XML.
2017-11-29 12:48:09.172 DEBUG content 46035 _a-0000df9d-6819-8000-aae2-01ef9001ef90_48011 Object transported.
2017-11-29 12:48:09.172 DEBUG content 46118 _a-0000df9d-6819-8000-aae2-01ef9001ef90_48094 Begin transport.
2017-11-29 12:48:09.172 DEBUG content 46118 _a-0000df9d-6819-8000-aae2-01ef9001ef90_48094 Retrieving object data.
2017-11-29 12:48:09.176 DEBUG content 46118 _a-0000df9d-6819-8000-aae2-01ef9001ef90_48094 Setting uuids of object references.
2017-11-29 12:48:09.176 DEBUG content 46118 _a-0000df9d-6819-8000-aae2-01ef9001ef90_48094 Processing reference: [Content:id=46118,versionId=-1,name=CONSTANT_4,description=CONSTANT_4,type=32,subtype=0,uuid=_a-0000df9d-6819-8000-aae2-01ef9001ef90_48094,parent=43310,parentName=Sample Folder,parentType=2,log=46118,logName=CONSTANT_4,state=255,visibility=35,security=15,creator=krishnau,createdTimestamp=2017-11-23 06:31:46.0,updatedTimestamp=2017-11-23 06:31:46.0,size=0,lockedBy=,changesRequireApproval=false,attributes={system=0, hidden=0, ruletype=0, multiple=0, isEnvironmentSpecific=false, value=200, returnType=1},partition=1,partitionName=/usr/local/appian/_admin/accdocs1]
2017-11-29 12:48:09.176 DEBUG content 46118 _a-0000df9d-6819-8000-aae2-01ef9001ef90_48094 Processing reference: Constant.forum
2017-11-29 12:48:09.176 DEBUG content 46118 _a-0000df9d-6819-8000-aae2-01ef9001ef90_48094 Processing reference: Constant.parent
2017-11-29 12:48:09.177 DEBUG content 46118 _a-0000df9d-6819-8000-aae2-01ef9001ef90_48094 Processing reference: com.appiancorp.suiteapi.content.ContentRoleMap@13be6ad9[
  ContentRole[name=readers,inherit=true,allowForAll=false]
  ContentRole[name=authors,inherit=true,allowForAll=false]
  ContentRole[name=administrators,inherit=true,allowForAll=false]
  ContentRole[name=denyReaders,inherit=false,allowForAll=false]
  ContentRole[name=denyAuthors,inherit=false,allowForAll=false]
  ContentRole[name=denyAdministrators,inherit=false,allowForAll=false]
  securityVector=15:SEC_PUBLIC=true,SEC_CREATOR_ADMIN=false,SEC_INH_ADMIN=true,SEC_INH_EDITOR=true,SEC_INH_VIEWER=true,SEC_ALL_ADMIN=false,SEC_ALL_EDITOR=false,SEC_ALL_VIEWER=false
]
2017-11-29 12:48:09.177 DEBUG content 46118 _a-0000df9d-6819-8000-aae2-01ef9001ef90_48094 Processing reference: ContentRole[name=readers,inherit=true,allowForAll=false]
2017-11-29 12:48:09.177 DEBUG content 46118 _a-0000df9d-6819-8000-aae2-01ef9001ef90_48094 Processing reference: ContentRole[name=authors,inherit=true,allowForAll=false]
2017-11-29 12:48:09.177 DEBUG content 46118 _a-0000df9d-6819-8000-aae2-01ef9001ef90_48094 Processing reference: ContentRole[name=administrators,inherit=true,allowForAll=false]
2017-11-29 12:48:09.177 DEBUG content 46118 _a-0000df9d-6819-8000-aae2-01ef9001ef90_48094 Processing reference: ContentRole[name=denyReaders,inherit=false,allowForAll=false]
2017-11-29 12:48:09.177 DEBUG content 46118 _a-0000df9d-6819-8000-aae2-01ef9001ef90_48094 Processing reference: ContentRole[name=denyAuthors,inherit=false,allowForAll=false]
2017-11-29 12:48:09.177 DEBUG content 46118 _a-0000df9d-6819-8000-aae2-01ef9001ef90_48094 Processing reference: ContentRole[name=denyAdministrators,inherit=false,allowForAll=false]
2017-11-29 12:48:09.177 DEBUG content 46118 _a-0000df9d-6819-8000-aae2-01ef9001ef90_48094 Completing produce.
2017-11-29 12:48:09.177 DEBUG content 46118 _a-0000df9d-6819-8000-aae2-01ef9001ef90_48094 Exporting binary resources.
2017-11-29 12:48:09.177 DEBUG content 46118 _a-0000df9d-6819-8000-aae2-01ef9001ef90_48094 Serializing object to XML.
2017-11-29 12:48:09.179 DEBUG content 46118 _a-0000df9d-6819-8000-aae2-01ef9001ef90_48094 Object transported.
2017-11-29 12:48:09.179 DEBUG content 46126 _a-0000df9d-6819-8000-aae2-01ef9001ef90_48102 Begin transport.
2017-11-29 12:48:09.179 DEBUG content 46126 _a-0000df9d-6819-8000-aae2-01ef9001ef90_48102 Retrieving object data.
2017-11-29 12:48:09.183 DEBUG content 46126 _a-0000df9d-6819-8000-aae2-01ef9001ef90_48102 Setting uuids of object references.
2017-11-29 12:48:09.183 DEBUG content 46126 _a-0000df9d-6819-8000-aae2-01ef9001ef90_48102 Processing reference: [Content:id=46126,versionId=-1,name=CONSTANT_5,description=,type=32,subtype=0,uuid=_a-0000df9d-6819-8000-aae2-01ef9001ef90_48102,parent=43310,parentName=Sample Folder,parentType=2,log=46126,logName=CONSTANT_5,state=255,visibility=35,security=15,creator=krishnau,createdTimestamp=2017-11-23 09:46:50.0,updatedTimestamp=2017-11-23 09:46:50.0,size=0,lockedBy=,changesRequireApproval=false,attributes={system=0, hidden=0, ruletype=0, multiple=0, isEnvironmentSpecific=false, value=234, returnType=1},partition=3,partitionName=/usr/local/appian/_admin/accdocs3]
2017-11-29 12:48:09.183 DEBUG content 46126 _a-0000df9d-6819-8000-aae2-01ef9001ef90_48102 Processing reference: Constant.forum
2017-11-29 12:48:09.183 DEBUG content 46126 _a-0000df9d-6819-8000-aae2-01ef9001ef90_48102 Processing reference: Constant.parent
2017-11-29 12:48:09.185 DEBUG content 46126 _a-0000df9d-6819-8000-aae2-01ef9001ef90_48102 Processing reference: com.appiancorp.suiteapi.content.ContentRoleMap@d70f23d[
  ContentRole[name=readers,inherit=true,allowForAll=false]
  ContentRole[name=authors,inherit=true,allowForAll=false]
  ContentRole[name=administrators,inherit=true,allowForAll=false]
  ContentRole[name=denyReaders,inherit=false,allowForAll=false]
  ContentRole[name=denyAuthors,inherit=false,allowForAll=false]
  ContentRole[name=denyAdministrators,inherit=false,allowForAll=false]
  securityVector=15:SEC_PUBLIC=true,SEC_CREATOR_ADMIN=false,SEC_INH_ADMIN=true,SEC_INH_EDITOR=true,SEC_INH_VIEWER=true,SEC_ALL_ADMIN=false,SEC_ALL_EDITOR=false,SEC_ALL_VIEWER=false
]
2017-11-29 12:48:09.185 DEBUG content 46126 _a-0000df9d-6819-8000-aae2-01ef9001ef90_48102 Processing reference: ContentRole[name=readers,inherit=true,allowForAll=false]
2017-11-29 12:48:09.185 DEBUG content 46126 _a-0000df9d-6819-8000-aae2-01ef9001ef90_48102 Processing reference: ContentRole[name=authors,inherit=true,allowForAll=false]
2017-11-29 12:48:09.185 DEBUG content 46126 _a-0000df9d-6819-8000-aae2-01ef9001ef90_48102 Processing reference: ContentRole[name=administrators,inherit=true,allowForAll=false]
2017-11-29 12:48:09.185 DEBUG content 46126 _a-0000df9d-6819-8000-aae2-01ef9001ef90_48102 Processing reference: ContentRole[name=denyReaders,inherit=false,allowForAll=false]
2017-11-29 12:48:09.185 DEBUG content 46126 _a-0000df9d-6819-8000-aae2-01ef9001ef90_48102 Processing reference: ContentRole[name=denyAuthors,inherit=false,allowForAll=false]
2017-11-29 12:48:09.185 DEBUG content 46126 _a-0000df9d-6819-8000-aae2-01ef9001ef90_48102 Processing reference: ContentRole[name=denyAdministrators,inherit=false,allowForAll=false]
2017-11-29 12:48:09.185 DEBUG content 46126 _a-0000df9d-6819-8000-aae2-01ef9001ef90_48102 Completing produce.
2017-11-29 12:48:09.185 DEBUG content 46126 _a-0000df9d-6819-8000-aae2-01ef9001ef90_48102 Exporting binary resources.
2017-11-29 12:48:09.185 DEBUG content 46126 _a-0000df9d-6819-8000-aae2-01ef9001ef90_48102 Serializing object to XML.
2017-11-29 12:48:09.186 DEBUG content 46126 _a-0000df9d-6819-8000-aae2-01ef9001ef90_48102 Object transported.
2017-11-29 12:48:09.186 DEBUG content 46149 _a-0000df9d-6819-8000-aae2-01ef9001ef90_48125 Begin transport.
2017-11-29 12:48:09.186 DEBUG content 46149 _a-0000df9d-6819-8000-aae2-01ef9001ef90_48125 Retrieving object data.
2017-11-29 12:48:09.19 DEBUG content 46149 _a-0000df9d-6819-8000-aae2-01ef9001ef90_48125 Setting uuids of object references.
2017-11-29 12:48:09.19 DEBUG content 46149 _a-0000df9d-6819-8000-aae2-01ef9001ef90_48125 Processing reference: [Content:id=46149,versionId=-1,name=IACD_1111,description=IACD_1111,type=32,subtype=0,uuid=_a-0000df9d-6819-8000-aae2-01ef9001ef90_48125,parent=43310,parentName=Sample Folder,parentType=2,log=46149,logName=IACD_1111,state=255,visibility=35,security=15,creator=krishnau,createdTimestamp=2017-11-23 11:49:40.0,updatedTimestamp=2017-11-23 11:49:40.0,size=0,lockedBy=,changesRequireApproval=false,attributes={system=0, hidden=0, ruletype=0, multiple=0, isEnvironmentSpecific=false, value=1111, returnType=1},partition=3,partitionName=/usr/local/appian/_admin/accdocs3]
2017-11-29 12:48:09.19 DEBUG content 46149 _a-0000df9d-6819-8000-aae2-01ef9001ef90_48125 Processing reference: Constant.forum
2017-11-29 12:48:09.191 DEBUG content 46149 _a-0000df9d-6819-8000-aae2-01ef9001ef90_48125 Processing reference: Constant.parent
2017-11-29 12:48:09.192 DEBUG content 46149 _a-0000df9d-6819-8000-aae2-01ef9001ef90_48125 Processing reference: com.appiancorp.suiteapi.content.ContentRoleMap@408b8936[
  ContentRole[name=readers,inherit=true,allowForAll=false]
  ContentRole[name=authors,inherit=true,allowForAll=false]
  ContentRole[name=administrators,inherit=true,allowForAll=false]
  ContentRole[name=denyReaders,inherit=false,allowForAll=false]
  ContentRole[name=denyAuthors,inherit=false,allowForAll=false]
  ContentRole[name=denyAdministrators,inherit=false,allowForAll=false]
  securityVector=15:SEC_PUBLIC=true,SEC_CREATOR_ADMIN=false,SEC_INH_ADMIN=true,SEC_INH_EDITOR=true,SEC_INH_VIEWER=true,SEC_ALL_ADMIN=false,SEC_ALL_EDITOR=false,SEC_ALL_VIEWER=false
]
2017-11-29 12:48:09.192 DEBUG content 46149 _a-0000df9d-6819-8000-aae2-01ef9001ef90_48125 Processing reference: ContentRole[name=readers,inherit=true,allowForAll=false]
2017-11-29 12:48:09.192 DEBUG content 46149 _a-0000df9d-6819-8000-aae2-01ef9001ef90_48125 Processing reference: ContentRole[name=authors,inherit=true,allowForAll=false]
2017-11-29 12:48:09.192 DEBUG content 46149 _a-0000df9d-6819-8000-aae2-01ef9001ef90_48125 Processing reference: ContentRole[name=administrators,inherit=true,allowForAll=false]
2017-11-29 12:48:09.192 DEBUG content 46149 _a-0000df9d-6819-8000-aae2-01ef9001ef90_48125 Processing reference: ContentRole[name=denyReaders,inherit=false,allowForAll=false]
2017-11-29 12:48:09.192 DEBUG content 46149 _a-0000df9d-6819-8000-aae2-01ef9001ef90_48125 Processing reference: ContentRole[name=denyAuthors,inherit=false,allowForAll=false]
2017-11-29 12:48:09.192 DEBUG content 46149 _a-0000df9d-6819-8000-aae2-01ef9001ef90_48125 Processing reference: ContentRole[name=denyAdministrators,inherit=false,allowForAll=false]
2017-11-29 12:48:09.192 DEBUG content 46149 _a-0000df9d-6819-8000-aae2-01ef9001ef90_48125 Completing produce.
2017-11-29 12:48:09.192 DEBUG content 46149 _a-0000df9d-6819-8000-aae2-01ef9001ef90_48125 Exporting binary resources.
2017-11-29 12:48:09.192 DEBUG content 46149 _a-0000df9d-6819-8000-aae2-01ef9001ef90_48125 Serializing object to XML.
2017-11-29 12:48:09.194 DEBUG content 46149 _a-0000df9d-6819-8000-aae2-01ef9001ef90_48125 Object transported.
2017-11-29 12:48:09.194 DEBUG content 46313 _a-0000df9d-6819-8000-aae2-01ef9001ef90_48289 Begin transport.
2017-11-29 12:48:09.194 DEBUG content 46313 _a-0000df9d-6819-8000-aae2-01ef9001ef90_48289 Retrieving object data.
2017-11-29 12:48:09.198 DEBUG content 46313 _a-0000df9d-6819-8000-aae2-01ef9001ef90_48289 Setting uuids of object references.
2017-11-29 12:48:09.198 DEBUG content 46313 _a-0000df9d-6819-8000-aae2-01ef9001ef90_48289 Processing reference: [Content:id=46313,versionId=-1,name=IACD_2222,description=IACD_2222,type=32,subtype=0,uuid=_a-0000df9d-6819-8000-aae2-01ef9001ef90_48289,parent=43310,parentName=Sample Folder,parentType=2,log=46313,logName=IACD_2222,state=255,visibility=35,security=15,creator=krishnau,createdTimestamp=2017-11-27 06:37:26.0,updatedTimestamp=2017-11-27 06:37:26.0,size=0,lockedBy=,changesRequireApproval=false,attributes={system=0, hidden=0, ruletype=0, multiple=0, isEnvironmentSpecific=false, value=666666, returnType=1},partition=2,partitionName=/usr/local/appian/_admin/accdocs2]
2017-11-29 12:48:09.198 DEBUG content 46313 _a-0000df9d-6819-8000-aae2-01ef9001ef90_48289 Processing reference: Constant.forum
2017-11-29 12:48:09.199 DEBUG content 46313 _a-0000df9d-6819-8000-aae2-01ef9001ef90_48289 Processing reference: Constant.parent
2017-11-29 12:48:09.2 DEBUG content 46313 _a-0000df9d-6819-8000-aae2-01ef9001ef90_48289 Processing reference: com.appiancorp.suiteapi.content.ContentRoleMap@2434be7[
  ContentRole[name=readers,inherit=true,allowForAll=false]
  ContentRole[name=authors,inherit=true,allowForAll=false]
  ContentRole[name=administrators,inherit=true,allowForAll=false]
  ContentRole[name=denyReaders,inherit=false,allowForAll=false]
  ContentRole[name=denyAuthors,inherit=false,allowForAll=false]
  ContentRole[name=denyAdministrators,inherit=false,allowForAll=false]
  securityVector=15:SEC_PUBLIC=true,SEC_CREATOR_ADMIN=false,SEC_INH_ADMIN=true,SEC_INH_EDITOR=true,SEC_INH_VIEWER=true,SEC_ALL_ADMIN=false,SEC_ALL_EDITOR=false,SEC_ALL_VIEWER=false
]
2017-11-29 12:48:09.2 DEBUG content 46313 _a-0000df9d-6819-8000-aae2-01ef9001ef90_48289 Processing reference: ContentRole[name=readers,inherit=true,allowForAll=false]
2017-11-29 12:48:09.2 DEBUG content 46313 _a-0000df9d-6819-8000-aae2-01ef9001ef90_48289 Processing reference: ContentRole[name=authors,inherit=true,allowForAll=false]
2017-11-29 12:48:09.2 DEBUG content 46313 _a-0000df9d-6819-8000-aae2-01ef9001ef90_48289 Processing reference: ContentRole[name=administrators,inherit=true,allowForAll=false]
2017-11-29 12:48:09.2 DEBUG content 46313 _a-0000df9d-6819-8000-aae2-01ef9001ef90_48289 Processing reference: ContentRole[name=denyReaders,inherit=false,allowForAll=false]
2017-11-29 12:48:09.2 DEBUG content 46313 _a-0000df9d-6819-8000-aae2-01ef9001ef90_48289 Processing reference: ContentRole[name=denyAuthors,inherit=false,allowForAll=false]
2017-11-29 12:48:09.2 DEBUG content 46313 _a-0000df9d-6819-8000-aae2-01ef9001ef90_48289 Processing reference: ContentRole[name=denyAdministrators,inherit=false,allowForAll=false]
2017-11-29 12:48:09.2 DEBUG content 46313 _a-0000df9d-6819-8000-aae2-01ef9001ef90_48289 Completing produce.
2017-11-29 12:48:09.2 DEBUG content 46313 _a-0000df9d-6819-8000-aae2-01ef9001ef90_48289 Exporting binary resources.
2017-11-29 12:48:09.2 DEBUG content 46313 _a-0000df9d-6819-8000-aae2-01ef9001ef90_48289 Serializing object to XML.
2017-11-29 12:48:09.202 DEBUG content 46313 _a-0000df9d-6819-8000-aae2-01ef9001ef90_48289 Object transported.
2017-11-29 12:48:09.202 DEBUG content 46316 _a-0000df9d-6819-8000-aae2-01ef9001ef90_48292 Begin transport.
2017-11-29 12:48:09.202 DEBUG content 46316 _a-0000df9d-6819-8000-aae2-01ef9001ef90_48292 Retrieving object data.
2017-11-29 12:48:09.206 DEBUG content 46316 _a-0000df9d-6819-8000-aae2-01ef9001ef90_48292 Setting uuids of object references.
2017-11-29 12:48:09.206 DEBUG content 46316 _a-0000df9d-6819-8000-aae2-01ef9001ef90_48292 Processing reference: [Content:id=46316,versionId=-1,name=IACD_3333,description=IACD_3333,type=32,subtype=0,uuid=_a-0000df9d-6819-8000-aae2-01ef9001ef90_48292,parent=43310,parentName=Sample Folder,parentType=2,log=46316,logName=IACD_3333,state=255,visibility=35,security=15,creator=krishnau,createdTimestamp=2017-11-27 06:56:34.0,updatedTimestamp=2017-11-27 06:56:34.0,size=0,lockedBy=,changesRequireApproval=false,attributes={system=0, hidden=0, ruletype=0, multiple=0, isEnvironmentSpecific=false, value=343434, returnType=1},partition=2,partitionName=/usr/local/appian/_admin/accdocs2]
2017-11-29 12:48:09.206 DEBUG content 46316 _a-0000df9d-6819-8000-aae2-01ef9001ef90_48292 Processing reference: Constant.forum
2017-11-29 12:48:09.206 DEBUG content 46316 _a-0000df9d-6819-8000-aae2-01ef9001ef90_48292 Processing reference: Constant.parent
2017-11-29 12:48:09.207 DEBUG content 46316 _a-0000df9d-6819-8000-aae2-01ef9001ef90_48292 Processing reference: com.appiancorp.suiteapi.content.ContentRoleMap@325f0b1b[
  ContentRole[name=readers,inherit=true,allowForAll=false]
  ContentRole[name=authors,inherit=true,allowForAll=false]
  ContentRole[name=administrators,inherit=true,allowForAll=false]
  ContentRole[name=denyReaders,inherit=false,allowForAll=false]
  ContentRole[name=denyAuthors,inherit=false,allowForAll=false]
  ContentRole[name=denyAdministrators,inherit=false,allowForAll=false]
  securityVector=15:SEC_PUBLIC=true,SEC_CREATOR_ADMIN=false,SEC_INH_ADMIN=true,SEC_INH_EDITOR=true,SEC_INH_VIEWER=true,SEC_ALL_ADMIN=false,SEC_ALL_EDITOR=false,SEC_ALL_VIEWER=false
]
2017-11-29 12:48:09.207 DEBUG content 46316 _a-0000df9d-6819-8000-aae2-01ef9001ef90_48292 Processing reference: ContentRole[name=readers,inherit=true,allowForAll=false]
2017-11-29 12:48:09.207 DEBUG content 46316 _a-0000df9d-6819-8000-aae2-01ef9001ef90_48292 Processing reference: ContentRole[name=authors,inherit=true,allowForAll=false]
2017-11-29 12:48:09.207 DEBUG content 46316 _a-0000df9d-6819-8000-aae2-01ef9001ef90_48292 Processing reference: ContentRole[name=administrators,inherit=true,allowForAll=false]
2017-11-29 12:48:09.207 DEBUG content 46316 _a-0000df9d-6819-8000-aae2-01ef9001ef90_48292 Processing reference: ContentRole[name=denyReaders,inherit=false,allowForAll=false]
2017-11-29 12:48:09.207 DEBUG content 46316 _a-0000df9d-6819-8000-aae2-01ef9001ef90_48292 Processing reference: ContentRole[name=denyAuthors,inherit=false,allowForAll=false]
2017-11-29 12:48:09.207 DEBUG content 46316 _a-0000df9d-6819-8000-aae2-01ef9001ef90_48292 Processing reference: ContentRole[name=denyAdministrators,inherit=false,allowForAll=false]
2017-11-29 12:48:09.207 DEBUG content 46316 _a-0000df9d-6819-8000-aae2-01ef9001ef90_48292 Completing produce.
2017-11-29 12:48:09.207 DEBUG content 46316 _a-0000df9d-6819-8000-aae2-01ef9001ef90_48292 Exporting binary resources.
2017-11-29 12:48:09.207 DEBUG content 46316 _a-0000df9d-6819-8000-aae2-01ef9001ef90_48292 Serializing object to XML.
2017-11-29 12:48:09.209 DEBUG content 46316 _a-0000df9d-6819-8000-aae2-01ef9001ef90_48292 Object transported.
2017-11-29 12:48:09.209 DEBUG content 46362 _a-0000df9d-6819-8000-aae2-01ef9001ef90_48338 Begin transport.
2017-11-29 12:48:09.209 DEBUG content 46362 _a-0000df9d-6819-8000-aae2-01ef9001ef90_48338 Retrieving object data.
2017-11-29 12:48:09.213 DEBUG content 46362 _a-0000df9d-6819-8000-aae2-01ef9001ef90_48338 Setting uuids of object references.
2017-11-29 12:48:09.213 DEBUG content 46362 _a-0000df9d-6819-8000-aae2-01ef9001ef90_48338 Processing reference: [Content:id=46362,versionId=-1,name=IACD_4444,description=IACD_4444,type=32,subtype=0,uuid=_a-0000df9d-6819-8000-aae2-01ef9001ef90_48338,parent=43310,parentName=Sample Folder,parentType=2,log=46362,logName=IACD_4444,state=255,visibility=35,security=15,creator=krishnau,createdTimestamp=2017-11-27 13:15:41.0,updatedTimestamp=2017-11-27 13:15:41.0,size=0,lockedBy=,changesRequireApproval=false,attributes={system=0, hidden=0, ruletype=0, multiple=0, isEnvironmentSpecific=false, value=6666, returnType=1},partition=3,partitionName=/usr/local/appian/_admin/accdocs3]
2017-11-29 12:48:09.213 DEBUG content 46362 _a-0000df9d-6819-8000-aae2-01ef9001ef90_48338 Processing reference: Constant.forum
2017-11-29 12:48:09.213 DEBUG content 46362 _a-0000df9d-6819-8000-aae2-01ef9001ef90_48338 Processing reference: Constant.parent
2017-11-29 12:48:09.215 DEBUG content 46362 _a-0000df9d-6819-8000-aae2-01ef9001ef90_48338 Processing reference: com.appiancorp.suiteapi.content.ContentRoleMap@12b58a4c[
  ContentRole[name=readers,inherit=true,allowForAll=false]
  ContentRole[name=authors,inherit=true,allowForAll=false]
  ContentRole[name=administrators,inherit=true,allowForAll=false]
  ContentRole[name=denyReaders,inherit=false,allowForAll=false]
  ContentRole[name=denyAuthors,inherit=false,allowForAll=false]
  ContentRole[name=denyAdministrators,inherit=false,allowForAll=false]
  securityVector=15:SEC_PUBLIC=true,SEC_CREATOR_ADMIN=false,SEC_INH_ADMIN=true,SEC_INH_EDITOR=true,SEC_INH_VIEWER=true,SEC_ALL_ADMIN=false,SEC_ALL_EDITOR=false,SEC_ALL_VIEWER=false
]
2017-11-29 12:48:09.215 DEBUG content 46362 _a-0000df9d-6819-8000-aae2-01ef9001ef90_48338 Processing reference: ContentRole[name=readers,inherit=true,allowForAll=false]
2017-11-29 12:48:09.215 DEBUG content 46362 _a-0000df9d-6819-8000-aae2-01ef9001ef90_48338 Processing reference: ContentRole[name=authors,inherit=true,allowForAll=false]
2017-11-29 12:48:09.215 DEBUG content 46362 _a-0000df9d-6819-8000-aae2-01ef9001ef90_48338 Processing reference: ContentRole[name=administrators,inherit=true,allowForAll=false]
2017-11-29 12:48:09.215 DEBUG content 46362 _a-0000df9d-6819-8000-aae2-01ef9001ef90_48338 Processing reference: ContentRole[name=denyReaders,inherit=false,allowForAll=false]
2017-11-29 12:48:09.215 DEBUG content 46362 _a-0000df9d-6819-8000-aae2-01ef9001ef90_48338 Processing reference: ContentRole[name=denyAuthors,inherit=false,allowForAll=false]
2017-11-29 12:48:09.215 DEBUG content 46362 _a-0000df9d-6819-8000-aae2-01ef9001ef90_48338 Processing reference: ContentRole[name=denyAdministrators,inherit=false,allowForAll=false]
2017-11-29 12:48:09.215 DEBUG content 46362 _a-0000df9d-6819-8000-aae2-01ef9001ef90_48338 Completing produce.
2017-11-29 12:48:09.215 DEBUG content 46362 _a-0000df9d-6819-8000-aae2-01ef9001ef90_48338 Exporting binary resources.
2017-11-29 12:48:09.215 DEBUG content 46362 _a-0000df9d-6819-8000-aae2-01ef9001ef90_48338 Serializing object to XML.
2017-11-29 12:48:09.216 DEBUG content 46362 _a-0000df9d-6819-8000-aae2-01ef9001ef90_48338 Object transported.
2017-11-29 12:48:09.217 DEBUG processModelFolder 77 _g-0000df9d-6819-8000-aae2-014d98014d98_109 Begin transport.
2017-11-29 12:48:09.217 DEBUG processModelFolder 77 _g-0000df9d-6819-8000-aae2-014d98014d98_109 Retrieving object data.
2017-11-29 12:48:09.219 DEBUG processModelFolder 77 _g-0000df9d-6819-8000-aae2-014d98014d98_109 Setting uuids of object references.
2017-11-29 12:48:09.219 DEBUG processModelFolder 77 _g-0000df9d-6819-8000-aae2-014d98014d98_109 Processing reference: ProcessModelFolder.parentFolderId
2017-11-29 12:48:09.22 DEBUG processModelFolder 77 _g-0000df9d-6819-8000-aae2-014d98014d98_109 Processing reference: com.appiancorp.suiteapi.process.ProcessRoleMap@f7bee0e[
  Role[name=ADMIN_OWNER]
  Role[name=EDITOR]
  Role[name=EXPLICIT_NONMEMBER]
  Role[name=VIEWER]
  Role[name=MANAGER]
  Role[name=INITIATOR]
]
2017-11-29 12:48:09.22 DEBUG processModelFolder 77 _g-0000df9d-6819-8000-aae2-014d98014d98_109 Processing reference: Role[name=ADMIN_OWNER]
2017-11-29 12:48:09.22 DEBUG processModelFolder 77 _g-0000df9d-6819-8000-aae2-014d98014d98_109 Processing reference: Role[name=EDITOR]
2017-11-29 12:48:09.22 DEBUG processModelFolder 77 _g-0000df9d-6819-8000-aae2-014d98014d98_109 Processing reference: Role[name=EXPLICIT_NONMEMBER]
2017-11-29 12:48:09.22 DEBUG processModelFolder 77 _g-0000df9d-6819-8000-aae2-014d98014d98_109 Processing reference: Role[name=VIEWER]
2017-11-29 12:48:09.22 DEBUG processModelFolder 77 _g-0000df9d-6819-8000-aae2-014d98014d98_109 Processing reference: Role[name=MANAGER]
2017-11-29 12:48:09.22 DEBUG processModelFolder 77 _g-0000df9d-6819-8000-aae2-014d98014d98_109 Processing reference: Role[name=INITIATOR]
2017-11-29 12:48:09.22 DEBUG processModelFolder 77 _g-0000df9d-6819-8000-aae2-014d98014d98_109 Completing produce.
2017-11-29 12:48:09.22 DEBUG processModelFolder 77 _g-0000df9d-6819-8000-aae2-014d98014d98_109 Exporting binary resources.
2017-11-29 12:48:09.22 DEBUG processModelFolder 77 _g-0000df9d-6819-8000-aae2-014d98014d98_109 Serializing object to XML.
2017-11-29 12:48:09.22 DEBUG processModelFolder 77 _g-0000df9d-6819-8000-aae2-014d98014d98_109 Object transported.
2017-11-29 12:48:09.22 DEBUG processModelFolder 78 _g-0000df9d-6819-8000-aae2-014d98014d98_110 Begin transport.
2017-11-29 12:48:09.22 DEBUG processModelFolder 78 _g-0000df9d-6819-8000-aae2-014d98014d98_110 Retrieving object data.
2017-11-29 12:48:09.222 DEBUG processModelFolder 78 _g-0000df9d-6819-8000-aae2-014d98014d98_110 Setting uuids of object references.
2017-11-29 12:48:09.222 DEBUG processModelFolder 78 _g-0000df9d-6819-8000-aae2-014d98014d98_110 Processing reference: ProcessModelFolder.parentFolderId
2017-11-29 12:48:09.223 DEBUG processModelFolder 78 _g-0000df9d-6819-8000-aae2-014d98014d98_110 Processing reference: com.appiancorp.suiteapi.process.ProcessRoleMap@71372d8c[
  Role[name=ADMIN_OWNER]
  Role[name=EDITOR]
  Role[name=EXPLICIT_NONMEMBER]
  Role[name=VIEWER]
  Role[name=MANAGER]
  Role[name=INITIATOR]
]
2017-11-29 12:48:09.223 DEBUG processModelFolder 78 _g-0000df9d-6819-8000-aae2-014d98014d98_110 Processing reference: Role[name=ADMIN_OWNER]
2017-11-29 12:48:09.223 DEBUG processModelFolder 78 _g-0000df9d-6819-8000-aae2-014d98014d98_110 Processing reference: Role[name=EDITOR]
2017-11-29 12:48:09.223 DEBUG processModelFolder 78 _g-0000df9d-6819-8000-aae2-014d98014d98_110 Processing reference: Role[name=EXPLICIT_NONMEMBER]
2017-11-29 12:48:09.223 DEBUG processModelFolder 78 _g-0000df9d-6819-8000-aae2-014d98014d98_110 Processing reference: Role[name=VIEWER]
2017-11-29 12:48:09.223 DEBUG processModelFolder 78 _g-0000df9d-6819-8000-aae2-014d98014d98_110 Processing reference: Role[name=MANAGER]
2017-11-29 12:48:09.223 DEBUG processModelFolder 78 _g-0000df9d-6819-8000-aae2-014d98014d98_110 Processing reference: Role[name=INITIATOR]
2017-11-29 12:48:09.223 DEBUG processModelFolder 78 _g-0000df9d-6819-8000-aae2-014d98014d98_110 Completing produce.
2017-11-29 12:48:09.223 DEBUG processModelFolder 78 _g-0000df9d-6819-8000-aae2-014d98014d98_110 Exporting binary resources.
2017-11-29 12:48:09.223 DEBUG processModelFolder 78 _g-0000df9d-6819-8000-aae2-014d98014d98_110 Serializing object to XML.
2017-11-29 12:48:09.223 DEBUG processModelFolder 78 _g-0000df9d-6819-8000-aae2-014d98014d98_110 Object transported.
2017-11-29 12:48:09.224 DEBUG processModel 3210 0002dfbf-a081-8000-aae2-014d98014d98 Begin transport.
2017-11-29 12:48:09.224 DEBUG processModel 3210 0002dfbf-a081-8000-aae2-014d98014d98 Retrieving object data.
2017-11-29 12:48:09.236 DEBUG processModel 3210 0002dfbf-a081-8000-aae2-014d98014d98 Setting uuids of object references.
2017-11-29 12:48:09.236 DEBUG processModel 3210 0002dfbf-a081-8000-aae2-014d98014d98 Processing reference: ProcessModelHaul.folderId
2017-11-29 12:48:09.237 DEBUG processModel 3210 0002dfbf-a081-8000-aae2-014d98014d98 Processing reference: ProcessModelHaul.modelDashboardPageId
2017-11-29 12:48:09.237 DEBUG processModel 3210 0002dfbf-a081-8000-aae2-014d98014d98 Processing reference: ProcessModelHaul.processDashboardPageId
2017-11-29 12:48:09.237 DEBUG processModel 3210 0002dfbf-a081-8000-aae2-014d98014d98 Processing reference: ProcessModel.emailAttachmentFolderId
2017-11-29 12:48:09.237 DEBUG processModel 3210 0002dfbf-a081-8000-aae2-014d98014d98 Processing reference: ActivityClassParameter[name=pmID,it=23,v=<null>]
2017-11-29 12:48:09.237 DEBUG processModel 3210 0002dfbf-a081-8000-aae2-014d98014d98 Processing reference: ActivityClassParameter[name=inMap,it=111,v={}]
2017-11-29 12:48:09.237 DEBUG processModel 3210 0002dfbf-a081-8000-aae2-014d98014d98 Processing reference: ActivityClassParameter[name=procInheritsPriority,it=1,v=1]
2017-11-29 12:48:09.237 DEBUG processModel 3210 0002dfbf-a081-8000-aae2-014d98014d98 Processing reference: ActivityClassParameter[name=pmUUID,it=3,v=]
2017-11-29 12:48:09.237 DEBUG processModel 3210 0002dfbf-a081-8000-aae2-014d98014d98 Processing reference: ActivityClassParameter[name=isAsynchronous,it=26,v=1]
2017-11-29 12:48:09.237 DEBUG processModel 3210 0002dfbf-a081-8000-aae2-014d98014d98 Processing reference: ActivityClassParameter[name=isTransparent,it=26,v=1]
2017-11-29 12:48:09.237 DEBUG processModel 3210 0002dfbf-a081-8000-aae2-014d98014d98 Processing reference: ActivityClassParameter[name=inheritSecurity,it=26,v=0]
2017-11-29 12:48:09.238 DEBUG processModel 3210 0002dfbf-a081-8000-aae2-014d98014d98 Processing reference: com.appiancorp.suiteapi.process.ProcessRoleMap@79848569[
  Role[name=ADMIN_OWNER]
  Role[name=EDITOR]
  Role[name=EXPLICIT_NONMEMBER]
  Role[name=VIEWER]
  Role[name=MANAGER]
  Role[name=INITIATOR]
]
2017-11-29 12:48:09.238 DEBUG processModel 3210 0002dfbf-a081-8000-aae2-014d98014d98 Processing reference: Role[name=ADMIN_OWNER]
2017-11-29 12:48:09.238 DEBUG processModel 3210 0002dfbf-a081-8000-aae2-014d98014d98 Processing reference: Role[name=EDITOR]
2017-11-29 12:48:09.238 DEBUG processModel 3210 0002dfbf-a081-8000-aae2-014d98014d98 Processing reference: Role[name=EXPLICIT_NONMEMBER]
2017-11-29 12:48:09.238 DEBUG processModel 3210 0002dfbf-a081-8000-aae2-014d98014d98 Processing reference: Role[name=VIEWER]
2017-11-29 12:48:09.238 DEBUG processModel 3210 0002dfbf-a081-8000-aae2-014d98014d98 Processing reference: Role[name=MANAGER]
2017-11-29 12:48:09.238 DEBUG processModel 3210 0002dfbf-a081-8000-aae2-014d98014d98 Processing reference: Role[name=INITIATOR]
2017-11-29 12:48:09.238 DEBUG processModel 3210 0002dfbf-a081-8000-aae2-014d98014d98 Completing produce.
2017-11-29 12:48:09.238 DEBUG processModel 3210 0002dfbf-a081-8000-aae2-014d98014d98 Exporting binary resources.
2017-11-29 12:48:09.238 DEBUG processModel 3210 0002dfbf-a081-8000-aae2-014d98014d98 Serializing object to XML.
2017-11-29 12:48:09.241 DEBUG processModel 3210 0002dfbf-a081-8000-aae2-014d98014d98 Object transported.
2017-11-29 12:48:09.241 DEBUG application 43309 _a-0000df9d-6819-8000-aae2-01ef9001ef90_45159 Completing produce.
2017-11-29 12:48:09.241 DEBUG application 43309 _a-0000df9d-6819-8000-aae2-01ef9001ef90_45159 Exporting binary resources.
2017-11-29 12:48:09.241 DEBUG application 43309 _a-0000df9d-6819-8000-aae2-01ef9001ef90_45159 Serializing object to XML.
2017-11-29 12:48:09.241 DEBUG application 43309 _a-0000df9d-6819-8000-aae2-01ef9001ef90_45159 Object transported.
